<?xml version="1.0" encoding="UTF-8"?>
<!-- Generated by org.testng.reporters.JUnitReportReporter -->
<testsuite hostname="DESKTOP-8CIBRGH" name="web1.Class1" tests="3" failures="0" timestamp="26 Jan 2020 14:00:27 GMT" time="24.301" errors="0">
  <testcase name="Test2" time="6.916" classname="web1.Class1"/>
  <testcase name="Test3" time="9.527" classname="web1.Class1"/>
  <testcase name="Test1" time="7.858" classname="web1.Class1"/>
</testsuite> <!-- web1.Class1 -->
